<?xml version="1.0" encoding="UTF-8"?>
<!-- Generated by org.testng.reporters.JUnitXMLReporter -->
<testsuite ignored="0" hostname="DESKTOP-LLCTNG7" failures="4" tests="6" name="LoginLogoutRegistration" time="104.365" errors="0" timestamp="2023-12-25T21:46:36 IST">
  <testcase classname="org.opencart.tests.LoginLogoutRegistration" name="loginLogoutTest" time="9.685"/>
  <testcase classname="org.opencart.tests.LoginLogoutRegistration" name="loginLogoutTest" time="20.172">
    <failure type="java.lang.AssertionError" message="Login unsuccessful. Please check credentials. expected [My Account] but found [Account Login]">
      <![CDATA[java.lang.AssertionError: Login unsuccessful. Please check credentials. expected [My Account] but found [Account Login]
at org.opencart.tests.LoginLogoutRegistration.loginLogoutTest(LoginLogoutRegistration.java:19)
at java.base/java.util.ArrayList.forEach(ArrayList.java:1511)
... Removed 30 stack frames]]>
    </failure>
  </testcase> <!-- loginLogoutTest -->
  <testcase classname="org.opencart.tests.LoginLogoutRegistration" name="loginLogoutTest" time="5.403">
    <failure type="java.lang.AssertionError" message="Login unsuccessful. Please check credentials. expected [My Account] but found [Account Login]">
      <![CDATA[java.lang.AssertionError: Login unsuccessful. Please check credentials. expected [My Account] but found [Account Login]
at org.opencart.tests.LoginLogoutRegistration.loginLogoutTest(LoginLogoutRegistration.java:19)
at java.base/java.util.ArrayList.forEach(ArrayList.java:1511)
... Removed 30 stack frames]]>
    </failure>
  </testcase> <!-- loginLogoutTest -->
  <testcase classname="org.opencart.tests.LoginLogoutRegistration" name="loginLogoutTest" time="5.586">
    <failure type="java.lang.AssertionError" message="Login unsuccessful. Please check credentials. expected [My Account] but found [Account Login]">
      <![CDATA[java.lang.AssertionError: Login unsuccessful. Please check credentials. expected [My Account] but found [Account Login]
at org.opencart.tests.LoginLogoutRegistration.loginLogoutTest(LoginLogoutRegistration.java:19)
at java.base/java.util.ArrayList.forEach(ArrayList.java:1511)
... Removed 30 stack frames]]>
    </failure>
  </testcase> <!-- loginLogoutTest -->
  <testcase classname="org.opencart.tests.LoginLogoutRegistration" name="registrationTest" time="8.781"/>
  <testcase classname="org.opencart.tests.LoginLogoutRegistration" name="registrationTest" time="6.791">
    <failure type="java.lang.AssertionError" message="Registration failed. expected [Your Account Has Been Created!] but found [Register Account]">
      <![CDATA[java.lang.AssertionError: Registration failed. expected [Your Account Has Been Created!] but found [Register Account]
at org.opencart.pages.RegisterAccountPage.verifyRegistrationStatus(RegisterAccountPage.java:48)
at org.opencart.tests.LoginLogoutRegistration.registrationTest(LoginLogoutRegistration.java:29)
at java.base/java.util.ArrayList.forEach(ArrayList.java:1511)
... Removed 30 stack frames]]>
    </failure>
  </testcase> <!-- registrationTest -->
</testsuite> <!-- LoginLogoutRegistration -->
